INFO:root:
Selector: High Level Ordering of Strategies
| Sequence: Free Planets Strategy
| | Check: if_free_planet
| | Action: free_planet_plan
| Sequence: Defensive Strategy
| | Check: if_enemy_fleet
| | Action: intercept_plan
| Sequence: Spread Strategy
| | Check: if_neutral_planet_available
| | Action: spread_until_advantaged

DEBUG:root:Executing:Selector: High Level Ordering of Strategies
DEBUG:root:Executing:Sequence: Free Planets Strategy
DEBUG:root:Executing:Check: if_free_planet
DEBUG:root:Result: Check: if_free_planet -> Failure
DEBUG:root:Result: Sequence: Free Planets Strategy -> Failure
DEBUG:root:Executing:Sequence: Defensive Strategy
DEBUG:root:Executing:Check: if_enemy_fleet
DEBUG:root:Result: Check: if_enemy_fleet -> Failure
DEBUG:root:Result: Sequence: Defensive Strategy -> Failure
DEBUG:root:Executing:Sequence: Spread Strategy
DEBUG:root:Executing:Check: if_neutral_planet_available
DEBUG:root:Result: Check: if_neutral_planet_available -> Success
DEBUG:root:Executing:Action: spread_until_advantaged
DEBUG:root:Order:1 12 13.0
DEBUG:root:Order:1 4 82.0
DEBUG:root:Bad order:1 5.0 84.0
DEBUG:root:Bad order:1 5.0 60.0
DEBUG:root:Bad order:1 5.0 59.0
DEBUG:root:Bad order:1 5.0 60.0
DEBUG:root:Order:1 18 5.0
DEBUG:root:Bad order:1 0.0 23.0
DEBUG:root:Bad order:1 0.0 85.0
DEBUG:root:Bad order:1 0.0 56.0
DEBUG:root:Result: Action: spread_until_advantaged -> Failure
DEBUG:root:Result: Sequence: Spread Strategy -> Failure
DEBUG:root:Result: Selector: High Level Ordering of Strategies -> Failure
DEBUG:root:Finish turn

DEBUG:root:Executing:Selector: High Level Ordering of Strategies
DEBUG:root:Executing:Sequence: Free Planets Strategy
DEBUG:root:Executing:Check: if_free_planet
DEBUG:root:Result: Check: if_free_planet -> Failure
DEBUG:root:Result: Sequence: Free Planets Strategy -> Failure
DEBUG:root:Executing:Sequence: Defensive Strategy
DEBUG:root:Executing:Check: if_enemy_fleet
DEBUG:root:Result: Check: if_enemy_fleet -> Failure
DEBUG:root:Result: Sequence: Defensive Strategy -> Failure
DEBUG:root:Executing:Sequence: Spread Strategy
DEBUG:root:Executing:Check: if_neutral_planet_available
DEBUG:root:Result: Check: if_neutral_planet_available -> Success
DEBUG:root:Executing:Action: spread_until_advantaged
DEBUG:root:Result: Action: spread_until_advantaged -> Failure
DEBUG:root:Result: Sequence: Spread Strategy -> Failure
DEBUG:root:Result: Selector: High Level Ordering of Strategies -> Failure
DEBUG:root:Finish turn

DEBUG:root:Executing:Selector: High Level Ordering of Strategies
DEBUG:root:Executing:Sequence: Free Planets Strategy
DEBUG:root:Executing:Check: if_free_planet
DEBUG:root:Result: Check: if_free_planet -> Failure
DEBUG:root:Result: Sequence: Free Planets Strategy -> Failure
DEBUG:root:Executing:Sequence: Defensive Strategy
DEBUG:root:Executing:Check: if_enemy_fleet
DEBUG:root:Result: Check: if_enemy_fleet -> Failure
DEBUG:root:Result: Sequence: Defensive Strategy -> Failure
DEBUG:root:Executing:Sequence: Spread Strategy
DEBUG:root:Executing:Check: if_neutral_planet_available
DEBUG:root:Result: Check: if_neutral_planet_available -> Success
DEBUG:root:Executing:Action: spread_until_advantaged
DEBUG:root:Result: Action: spread_until_advantaged -> Failure
DEBUG:root:Result: Sequence: Spread Strategy -> Failure
DEBUG:root:Result: Selector: High Level Ordering of Strategies -> Failure
DEBUG:root:Finish turn

DEBUG:root:Executing:Selector: High Level Ordering of Strategies
DEBUG:root:Executing:Sequence: Free Planets Strategy
DEBUG:root:Executing:Check: if_free_planet
DEBUG:root:Result: Check: if_free_planet -> Failure
DEBUG:root:Result: Sequence: Free Planets Strategy -> Failure
DEBUG:root:Executing:Sequence: Defensive Strategy
DEBUG:root:Executing:Check: if_enemy_fleet
DEBUG:root:Result: Check: if_enemy_fleet -> Failure
DEBUG:root:Result: Sequence: Defensive Strategy -> Failure
DEBUG:root:Executing:Sequence: Spread Strategy
DEBUG:root:Executing:Check: if_neutral_planet_available
DEBUG:root:Result: Check: if_neutral_planet_available -> Success
DEBUG:root:Executing:Action: spread_until_advantaged
DEBUG:root:Result: Action: spread_until_advantaged -> Failure
DEBUG:root:Result: Sequence: Spread Strategy -> Failure
DEBUG:root:Result: Selector: High Level Ordering of Strategies -> Failure
DEBUG:root:Finish turn

DEBUG:root:Executing:Selector: High Level Ordering of Strategies
DEBUG:root:Executing:Sequence: Free Planets Strategy
DEBUG:root:Executing:Check: if_free_planet
DEBUG:root:Result: Check: if_free_planet -> Success
DEBUG:root:Executing:Action: free_planet_plan
DEBUG:root:Result: Action: free_planet_plan -> Failure
DEBUG:root:Result: Sequence: Free Planets Strategy -> Failure
DEBUG:root:Executing:Sequence: Defensive Strategy
DEBUG:root:Executing:Check: if_enemy_fleet
DEBUG:root:Result: Check: if_enemy_fleet -> Failure
DEBUG:root:Result: Sequence: Defensive Strategy -> Failure
DEBUG:root:Executing:Sequence: Spread Strategy
DEBUG:root:Executing:Check: if_neutral_planet_available
DEBUG:root:Result: Check: if_neutral_planet_available -> Success
DEBUG:root:Executing:Action: spread_until_advantaged
DEBUG:root:Result: Action: spread_until_advantaged -> Failure
DEBUG:root:Result: Sequence: Spread Strategy -> Failure
DEBUG:root:Result: Selector: High Level Ordering of Strategies -> Failure
DEBUG:root:Finish turn

DEBUG:root:Executing:Selector: High Level Ordering of Strategies
DEBUG:root:Executing:Sequence: Free Planets Strategy
DEBUG:root:Executing:Check: if_free_planet
DEBUG:root:Result: Check: if_free_planet -> Success
DEBUG:root:Executing:Action: free_planet_plan
DEBUG:root:Result: Action: free_planet_plan -> Failure
DEBUG:root:Result: Sequence: Free Planets Strategy -> Failure
DEBUG:root:Executing:Sequence: Defensive Strategy
DEBUG:root:Executing:Check: if_enemy_fleet
DEBUG:root:Result: Check: if_enemy_fleet -> Failure
DEBUG:root:Result: Sequence: Defensive Strategy -> Failure
DEBUG:root:Executing:Sequence: Spread Strategy
DEBUG:root:Executing:Check: if_neutral_planet_available
DEBUG:root:Result: Check: if_neutral_planet_available -> Success
DEBUG:root:Executing:Action: spread_until_advantaged
DEBUG:root:Order:1 6 23.0
DEBUG:root:Result: Action: spread_until_advantaged -> Failure
DEBUG:root:Result: Sequence: Spread Strategy -> Failure
DEBUG:root:Result: Selector: High Level Ordering of Strategies -> Failure
DEBUG:root:Finish turn

DEBUG:root:Executing:Selector: High Level Ordering of Strategies
DEBUG:root:Executing:Sequence: Free Planets Strategy
DEBUG:root:Executing:Check: if_free_planet
DEBUG:root:Result: Check: if_free_planet -> Success
DEBUG:root:Executing:Action: free_planet_plan
DEBUG:root:Result: Action: free_planet_plan -> Failure
DEBUG:root:Result: Sequence: Free Planets Strategy -> Failure
DEBUG:root:Executing:Sequence: Defensive Strategy
DEBUG:root:Executing:Check: if_enemy_fleet
DEBUG:root:Result: Check: if_enemy_fleet -> Failure
DEBUG:root:Result: Sequence: Defensive Strategy -> Failure
DEBUG:root:Executing:Sequence: Spread Strategy
DEBUG:root:Executing:Check: if_neutral_planet_available
DEBUG:root:Result: Check: if_neutral_planet_available -> Success
DEBUG:root:Executing:Action: spread_until_advantaged
DEBUG:root:Result: Action: spread_until_advantaged -> Failure
DEBUG:root:Result: Sequence: Spread Strategy -> Failure
DEBUG:root:Result: Selector: High Level Ordering of Strategies -> Failure
DEBUG:root:Finish turn

DEBUG:root:Executing:Selector: High Level Ordering of Strategies
DEBUG:root:Executing:Sequence: Free Planets Strategy
DEBUG:root:Executing:Check: if_free_planet
DEBUG:root:Result: Check: if_free_planet -> Success
DEBUG:root:Executing:Action: free_planet_plan
DEBUG:root:Result: Action: free_planet_plan -> Failure
DEBUG:root:Result: Sequence: Free Planets Strategy -> Failure
DEBUG:root:Executing:Sequence: Defensive Strategy
DEBUG:root:Executing:Check: if_enemy_fleet
DEBUG:root:Result: Check: if_enemy_fleet -> Success
DEBUG:root:Executing:Action: intercept_plan
DEBUG:root:Result: Action: intercept_plan -> Failure
DEBUG:root:Result: Sequence: Defensive Strategy -> Failure
DEBUG:root:Executing:Sequence: Spread Strategy
DEBUG:root:Executing:Check: if_neutral_planet_available
DEBUG:root:Result: Check: if_neutral_planet_available -> Success
DEBUG:root:Executing:Action: spread_until_advantaged
DEBUG:root:Result: Action: spread_until_advantaged -> Failure
DEBUG:root:Result: Sequence: Spread Strategy -> Failure
DEBUG:root:Result: Selector: High Level Ordering of Strategies -> Failure
DEBUG:root:Finish turn

DEBUG:root:Executing:Selector: High Level Ordering of Strategies
DEBUG:root:Executing:Sequence: Free Planets Strategy
DEBUG:root:Executing:Check: if_free_planet
DEBUG:root:Result: Check: if_free_planet -> Success
DEBUG:root:Executing:Action: free_planet_plan
DEBUG:root:Result: Action: free_planet_plan -> Failure
DEBUG:root:Result: Sequence: Free Planets Strategy -> Failure
DEBUG:root:Executing:Sequence: Defensive Strategy
DEBUG:root:Executing:Check: if_enemy_fleet
DEBUG:root:Result: Check: if_enemy_fleet -> Success
DEBUG:root:Executing:Action: intercept_plan
DEBUG:root:Result: Action: intercept_plan -> Failure
DEBUG:root:Result: Sequence: Defensive Strategy -> Failure
DEBUG:root:Executing:Sequence: Spread Strategy
DEBUG:root:Executing:Check: if_neutral_planet_available
DEBUG:root:Result: Check: if_neutral_planet_available -> Success
DEBUG:root:Executing:Action: spread_until_advantaged
DEBUG:root:Order:1 11 13.0
DEBUG:root:Result: Action: spread_until_advantaged -> Failure
DEBUG:root:Result: Sequence: Spread Strategy -> Failure
DEBUG:root:Result: Selector: High Level Ordering of Strategies -> Failure
DEBUG:root:Finish turn

DEBUG:root:Executing:Selector: High Level Ordering of Strategies
DEBUG:root:Executing:Sequence: Free Planets Strategy
DEBUG:root:Executing:Check: if_free_planet
DEBUG:root:Result: Check: if_free_planet -> Success
DEBUG:root:Executing:Action: free_planet_plan
DEBUG:root:Result: Action: free_planet_plan -> Failure
DEBUG:root:Result: Sequence: Free Planets Strategy -> Failure
DEBUG:root:Executing:Sequence: Defensive Strategy
DEBUG:root:Executing:Check: if_enemy_fleet
DEBUG:root:Result: Check: if_enemy_fleet -> Success
DEBUG:root:Executing:Action: intercept_plan
DEBUG:root:Result: Action: intercept_plan -> Failure
DEBUG:root:Result: Sequence: Defensive Strategy -> Failure
DEBUG:root:Executing:Sequence: Spread Strategy
DEBUG:root:Executing:Check: if_neutral_planet_available
DEBUG:root:Result: Check: if_neutral_planet_available -> Success
DEBUG:root:Executing:Action: spread_until_advantaged
DEBUG:root:Result: Action: spread_until_advantaged -> Failure
DEBUG:root:Result: Sequence: Spread Strategy -> Failure
DEBUG:root:Result: Selector: High Level Ordering of Strategies -> Failure
DEBUG:root:Finish turn

DEBUG:root:Executing:Selector: High Level Ordering of Strategies
DEBUG:root:Executing:Sequence: Free Planets Strategy
DEBUG:root:Executing:Check: if_free_planet
DEBUG:root:Result: Check: if_free_planet -> Success
DEBUG:root:Executing:Action: free_planet_plan
DEBUG:root:Result: Action: free_planet_plan -> Failure
DEBUG:root:Result: Sequence: Free Planets Strategy -> Failure
DEBUG:root:Executing:Sequence: Defensive Strategy
DEBUG:root:Executing:Check: if_enemy_fleet
DEBUG:root:Result: Check: if_enemy_fleet -> Success
DEBUG:root:Executing:Action: intercept_plan
DEBUG:root:Result: Action: intercept_plan -> Failure
DEBUG:root:Result: Sequence: Defensive Strategy -> Failure
DEBUG:root:Executing:Sequence: Spread Strategy
DEBUG:root:Executing:Check: if_neutral_planet_available
DEBUG:root:Result: Check: if_neutral_planet_available -> Success
DEBUG:root:Executing:Action: spread_until_advantaged
DEBUG:root:Result: Action: spread_until_advantaged -> Failure
DEBUG:root:Result: Sequence: Spread Strategy -> Failure
DEBUG:root:Result: Selector: High Level Ordering of Strategies -> Failure
DEBUG:root:Finish turn

DEBUG:root:Executing:Selector: High Level Ordering of Strategies
DEBUG:root:Executing:Sequence: Free Planets Strategy
DEBUG:root:Executing:Check: if_free_planet
DEBUG:root:Result: Check: if_free_planet -> Success
DEBUG:root:Executing:Action: free_planet_plan
DEBUG:root:Result: Action: free_planet_plan -> Failure
DEBUG:root:Result: Sequence: Free Planets Strategy -> Failure
DEBUG:root:Executing:Sequence: Defensive Strategy
DEBUG:root:Executing:Check: if_enemy_fleet
DEBUG:root:Result: Check: if_enemy_fleet -> Success
DEBUG:root:Executing:Action: intercept_plan
DEBUG:root:Result: Action: intercept_plan -> Failure
DEBUG:root:Result: Sequence: Defensive Strategy -> Failure
DEBUG:root:Executing:Sequence: Spread Strategy
DEBUG:root:Executing:Check: if_neutral_planet_available
DEBUG:root:Result: Check: if_neutral_planet_available -> Success
DEBUG:root:Executing:Action: spread_until_advantaged
DEBUG:root:Result: Action: spread_until_advantaged -> Failure
DEBUG:root:Result: Sequence: Spread Strategy -> Failure
DEBUG:root:Result: Selector: High Level Ordering of Strategies -> Failure
DEBUG:root:Finish turn

DEBUG:root:Executing:Selector: High Level Ordering of Strategies
DEBUG:root:Executing:Sequence: Free Planets Strategy
DEBUG:root:Executing:Check: if_free_planet
DEBUG:root:Result: Check: if_free_planet -> Success
DEBUG:root:Executing:Action: free_planet_plan
DEBUG:root:Result: Action: free_planet_plan -> Failure
DEBUG:root:Result: Sequence: Free Planets Strategy -> Failure
DEBUG:root:Executing:Sequence: Defensive Strategy
DEBUG:root:Executing:Check: if_enemy_fleet
DEBUG:root:Result: Check: if_enemy_fleet -> Success
DEBUG:root:Executing:Action: intercept_plan
DEBUG:root:Result: Action: intercept_plan -> Failure
DEBUG:root:Result: Sequence: Defensive Strategy -> Failure
DEBUG:root:Executing:Sequence: Spread Strategy
DEBUG:root:Executing:Check: if_neutral_planet_available
DEBUG:root:Result: Check: if_neutral_planet_available -> Success
DEBUG:root:Executing:Action: spread_until_advantaged
DEBUG:root:Result: Action: spread_until_advantaged -> Failure
DEBUG:root:Result: Sequence: Spread Strategy -> Failure
DEBUG:root:Result: Selector: High Level Ordering of Strategies -> Failure
DEBUG:root:Finish turn

DEBUG:root:Executing:Selector: High Level Ordering of Strategies
DEBUG:root:Executing:Sequence: Free Planets Strategy
DEBUG:root:Executing:Check: if_free_planet
DEBUG:root:Result: Check: if_free_planet -> Success
DEBUG:root:Executing:Action: free_planet_plan
DEBUG:root:Result: Action: free_planet_plan -> Failure
DEBUG:root:Result: Sequence: Free Planets Strategy -> Failure
DEBUG:root:Executing:Sequence: Defensive Strategy
DEBUG:root:Executing:Check: if_enemy_fleet
DEBUG:root:Result: Check: if_enemy_fleet -> Success
DEBUG:root:Executing:Action: intercept_plan
DEBUG:root:Result: Action: intercept_plan -> Failure
DEBUG:root:Result: Sequence: Defensive Strategy -> Failure
DEBUG:root:Executing:Sequence: Spread Strategy
DEBUG:root:Executing:Check: if_neutral_planet_available
DEBUG:root:Result: Check: if_neutral_planet_available -> Success
DEBUG:root:Executing:Action: spread_until_advantaged
DEBUG:root:Result: Action: spread_until_advantaged -> Failure
DEBUG:root:Result: Sequence: Spread Strategy -> Failure
DEBUG:root:Result: Selector: High Level Ordering of Strategies -> Failure
DEBUG:root:Finish turn

DEBUG:root:Executing:Selector: High Level Ordering of Strategies
DEBUG:root:Executing:Sequence: Free Planets Strategy
DEBUG:root:Executing:Check: if_free_planet
DEBUG:root:Result: Check: if_free_planet -> Success
DEBUG:root:Executing:Action: free_planet_plan
DEBUG:root:Result: Action: free_planet_plan -> Failure
DEBUG:root:Result: Sequence: Free Planets Strategy -> Failure
DEBUG:root:Executing:Sequence: Defensive Strategy
DEBUG:root:Executing:Check: if_enemy_fleet
DEBUG:root:Result: Check: if_enemy_fleet -> Success
DEBUG:root:Executing:Action: intercept_plan
DEBUG:root:Result: Action: intercept_plan -> Failure
DEBUG:root:Result: Sequence: Defensive Strategy -> Failure
DEBUG:root:Executing:Sequence: Spread Strategy
DEBUG:root:Executing:Check: if_neutral_planet_available
DEBUG:root:Result: Check: if_neutral_planet_available -> Success
DEBUG:root:Executing:Action: spread_until_advantaged
DEBUG:root:Result: Action: spread_until_advantaged -> Failure
DEBUG:root:Result: Sequence: Spread Strategy -> Failure
DEBUG:root:Result: Selector: High Level Ordering of Strategies -> Failure
DEBUG:root:Finish turn

DEBUG:root:Executing:Selector: High Level Ordering of Strategies
DEBUG:root:Executing:Sequence: Free Planets Strategy
DEBUG:root:Executing:Check: if_free_planet
DEBUG:root:Result: Check: if_free_planet -> Success
DEBUG:root:Executing:Action: free_planet_plan
DEBUG:root:Result: Action: free_planet_plan -> Failure
DEBUG:root:Result: Sequence: Free Planets Strategy -> Failure
DEBUG:root:Executing:Sequence: Defensive Strategy
DEBUG:root:Executing:Check: if_enemy_fleet
DEBUG:root:Result: Check: if_enemy_fleet -> Success
DEBUG:root:Executing:Action: intercept_plan
DEBUG:root:Result: Action: intercept_plan -> Failure
DEBUG:root:Result: Sequence: Defensive Strategy -> Failure
DEBUG:root:Executing:Sequence: Spread Strategy
DEBUG:root:Executing:Check: if_neutral_planet_available
DEBUG:root:Result: Check: if_neutral_planet_available -> Success
DEBUG:root:Executing:Action: spread_until_advantaged
DEBUG:root:Result: Action: spread_until_advantaged -> Failure
DEBUG:root:Result: Sequence: Spread Strategy -> Failure
DEBUG:root:Result: Selector: High Level Ordering of Strategies -> Failure
DEBUG:root:Finish turn

DEBUG:root:Executing:Selector: High Level Ordering of Strategies
DEBUG:root:Executing:Sequence: Free Planets Strategy
DEBUG:root:Executing:Check: if_free_planet
DEBUG:root:Result: Check: if_free_planet -> Success
DEBUG:root:Executing:Action: free_planet_plan
DEBUG:root:Result: Action: free_planet_plan -> Failure
DEBUG:root:Result: Sequence: Free Planets Strategy -> Failure
DEBUG:root:Executing:Sequence: Defensive Strategy
DEBUG:root:Executing:Check: if_enemy_fleet
DEBUG:root:Result: Check: if_enemy_fleet -> Success
DEBUG:root:Executing:Action: intercept_plan
DEBUG:root:Result: Action: intercept_plan -> Failure
DEBUG:root:Result: Sequence: Defensive Strategy -> Failure
DEBUG:root:Executing:Sequence: Spread Strategy
DEBUG:root:Executing:Check: if_neutral_planet_available
DEBUG:root:Result: Check: if_neutral_planet_available -> Success
DEBUG:root:Executing:Action: spread_until_advantaged
DEBUG:root:Result: Action: spread_until_advantaged -> Failure
DEBUG:root:Result: Sequence: Spread Strategy -> Failure
DEBUG:root:Result: Selector: High Level Ordering of Strategies -> Failure
DEBUG:root:Finish turn

DEBUG:root:Executing:Selector: High Level Ordering of Strategies
DEBUG:root:Executing:Sequence: Free Planets Strategy
DEBUG:root:Executing:Check: if_free_planet
DEBUG:root:Result: Check: if_free_planet -> Success
DEBUG:root:Executing:Action: free_planet_plan
DEBUG:root:Order:1 9 37.0
DEBUG:root:Result: Action: free_planet_plan -> Success
DEBUG:root:Result: Sequence: Free Planets Strategy -> Success
DEBUG:root:Result: Selector: High Level Ordering of Strategies -> Success
DEBUG:root:Finish turn

DEBUG:root:Executing:Selector: High Level Ordering of Strategies
DEBUG:root:Executing:Sequence: Free Planets Strategy
DEBUG:root:Executing:Check: if_free_planet
DEBUG:root:Result: Check: if_free_planet -> Success
DEBUG:root:Executing:Action: free_planet_plan
DEBUG:root:Result: Action: free_planet_plan -> Failure
DEBUG:root:Result: Sequence: Free Planets Strategy -> Failure
DEBUG:root:Executing:Sequence: Defensive Strategy
DEBUG:root:Executing:Check: if_enemy_fleet
DEBUG:root:Result: Check: if_enemy_fleet -> Success
DEBUG:root:Executing:Action: intercept_plan
DEBUG:root:Result: Action: intercept_plan -> Failure
DEBUG:root:Result: Sequence: Defensive Strategy -> Failure
DEBUG:root:Executing:Sequence: Spread Strategy
DEBUG:root:Executing:Check: if_neutral_planet_available
DEBUG:root:Result: Check: if_neutral_planet_available -> Success
DEBUG:root:Executing:Action: spread_until_advantaged
DEBUG:root:Result: Action: spread_until_advantaged -> Failure
DEBUG:root:Result: Sequence: Spread Strategy -> Failure
DEBUG:root:Result: Selector: High Level Ordering of Strategies -> Failure
DEBUG:root:Finish turn

DEBUG:root:Executing:Selector: High Level Ordering of Strategies
DEBUG:root:Executing:Sequence: Free Planets Strategy
DEBUG:root:Executing:Check: if_free_planet
DEBUG:root:Result: Check: if_free_planet -> Success
DEBUG:root:Executing:Action: free_planet_plan
DEBUG:root:Result: Action: free_planet_plan -> Failure
DEBUG:root:Result: Sequence: Free Planets Strategy -> Failure
DEBUG:root:Executing:Sequence: Defensive Strategy
DEBUG:root:Executing:Check: if_enemy_fleet
DEBUG:root:Result: Check: if_enemy_fleet -> Success
DEBUG:root:Executing:Action: intercept_plan
DEBUG:root:Result: Action: intercept_plan -> Failure
DEBUG:root:Result: Sequence: Defensive Strategy -> Failure
DEBUG:root:Executing:Sequence: Spread Strategy
DEBUG:root:Executing:Check: if_neutral_planet_available
DEBUG:root:Result: Check: if_neutral_planet_available -> Success
DEBUG:root:Executing:Action: spread_until_advantaged
DEBUG:root:Result: Action: spread_until_advantaged -> Failure
DEBUG:root:Result: Sequence: Spread Strategy -> Failure
DEBUG:root:Result: Selector: High Level Ordering of Strategies -> Failure
DEBUG:root:Finish turn

DEBUG:root:Executing:Selector: High Level Ordering of Strategies
DEBUG:root:Executing:Sequence: Free Planets Strategy
DEBUG:root:Executing:Check: if_free_planet
DEBUG:root:Result: Check: if_free_planet -> Success
DEBUG:root:Executing:Action: free_planet_plan
DEBUG:root:Order:4 5 21.0
DEBUG:root:Result: Action: free_planet_plan -> Success
DEBUG:root:Result: Sequence: Free Planets Strategy -> Success
DEBUG:root:Result: Selector: High Level Ordering of Strategies -> Success
DEBUG:root:Finish turn

DEBUG:root:Executing:Selector: High Level Ordering of Strategies
DEBUG:root:Executing:Sequence: Free Planets Strategy
DEBUG:root:Executing:Check: if_free_planet
DEBUG:root:Result: Check: if_free_planet -> Success
DEBUG:root:Executing:Action: free_planet_plan
DEBUG:root:Order:12 5 20.0
DEBUG:root:Result: Action: free_planet_plan -> Success
DEBUG:root:Result: Sequence: Free Planets Strategy -> Success
DEBUG:root:Result: Selector: High Level Ordering of Strategies -> Success
DEBUG:root:Finish turn

DEBUG:root:Executing:Selector: High Level Ordering of Strategies
DEBUG:root:Executing:Sequence: Free Planets Strategy
DEBUG:root:Executing:Check: if_free_planet
DEBUG:root:Result: Check: if_free_planet -> Success
DEBUG:root:Executing:Action: free_planet_plan
DEBUG:root:Order:1 5 27.0
DEBUG:root:Result: Action: free_planet_plan -> Success
DEBUG:root:Result: Sequence: Free Planets Strategy -> Success
DEBUG:root:Result: Selector: High Level Ordering of Strategies -> Success
DEBUG:root:Finish turn

DEBUG:root:Executing:Selector: High Level Ordering of Strategies
DEBUG:root:Executing:Sequence: Free Planets Strategy
DEBUG:root:Executing:Check: if_free_planet
DEBUG:root:Result: Check: if_free_planet -> Success
DEBUG:root:Executing:Action: free_planet_plan
DEBUG:root:Order:18 5 21.0
DEBUG:root:Result: Action: free_planet_plan -> Success
DEBUG:root:Result: Sequence: Free Planets Strategy -> Success
DEBUG:root:Result: Selector: High Level Ordering of Strategies -> Success
DEBUG:root:Finish turn

DEBUG:root:Executing:Selector: High Level Ordering of Strategies
DEBUG:root:Executing:Sequence: Free Planets Strategy
DEBUG:root:Executing:Check: if_free_planet
DEBUG:root:Result: Check: if_free_planet -> Success
DEBUG:root:Executing:Action: free_planet_plan
DEBUG:root:Order:4 0 20.0
DEBUG:root:Result: Action: free_planet_plan -> Success
DEBUG:root:Result: Sequence: Free Planets Strategy -> Success
DEBUG:root:Result: Selector: High Level Ordering of Strategies -> Success
DEBUG:root:Finish turn

DEBUG:root:Executing:Selector: High Level Ordering of Strategies
DEBUG:root:Executing:Sequence: Free Planets Strategy
DEBUG:root:Executing:Check: if_free_planet
DEBUG:root:Result: Check: if_free_planet -> Success
DEBUG:root:Executing:Action: free_planet_plan
DEBUG:root:Order:11 0 17.0
DEBUG:root:Result: Action: free_planet_plan -> Success
DEBUG:root:Result: Sequence: Free Planets Strategy -> Success
DEBUG:root:Result: Selector: High Level Ordering of Strategies -> Success
DEBUG:root:Finish turn

DEBUG:root:Executing:Selector: High Level Ordering of Strategies
DEBUG:root:Executing:Sequence: Free Planets Strategy
DEBUG:root:Executing:Check: if_free_planet
DEBUG:root:Result: Check: if_free_planet -> Success
DEBUG:root:Executing:Action: free_planet_plan
DEBUG:root:Order:12 0 20.0
DEBUG:root:Result: Action: free_planet_plan -> Success
DEBUG:root:Result: Sequence: Free Planets Strategy -> Success
DEBUG:root:Result: Selector: High Level Ordering of Strategies -> Success
DEBUG:root:Finish turn

DEBUG:root:Executing:Selector: High Level Ordering of Strategies
DEBUG:root:Executing:Sequence: Free Planets Strategy
DEBUG:root:Executing:Check: if_free_planet
DEBUG:root:Result: Check: if_free_planet -> Success
DEBUG:root:Executing:Action: free_planet_plan
DEBUG:root:Result: Action: free_planet_plan -> Failure
DEBUG:root:Result: Sequence: Free Planets Strategy -> Failure
DEBUG:root:Executing:Sequence: Defensive Strategy
DEBUG:root:Executing:Check: if_enemy_fleet
DEBUG:root:Result: Check: if_enemy_fleet -> Success
DEBUG:root:Executing:Action: intercept_plan
DEBUG:root:Order:6 6 2
DEBUG:root:Order:4 6 2
DEBUG:root:Result: Action: intercept_plan -> Failure
DEBUG:root:Result: Sequence: Defensive Strategy -> Failure
DEBUG:root:Executing:Sequence: Spread Strategy
DEBUG:root:Executing:Check: if_neutral_planet_available
DEBUG:root:Result: Check: if_neutral_planet_available -> Success
DEBUG:root:Executing:Action: spread_until_advantaged
DEBUG:root:Result: Action: spread_until_advantaged -> Failure
DEBUG:root:Result: Sequence: Spread Strategy -> Failure
DEBUG:root:Result: Selector: High Level Ordering of Strategies -> Failure
DEBUG:root:Finish turn

DEBUG:root:Executing:Selector: High Level Ordering of Strategies
DEBUG:root:Executing:Sequence: Free Planets Strategy
DEBUG:root:Executing:Check: if_free_planet
DEBUG:root:Result: Check: if_free_planet -> Success
DEBUG:root:Executing:Action: free_planet_plan
DEBUG:root:Result: Action: free_planet_plan -> Failure
DEBUG:root:Result: Sequence: Free Planets Strategy -> Failure
DEBUG:root:Executing:Sequence: Defensive Strategy
DEBUG:root:Executing:Check: if_enemy_fleet
DEBUG:root:Result: Check: if_enemy_fleet -> Success
DEBUG:root:Executing:Action: intercept_plan
DEBUG:root:Order:6 6 3
DEBUG:root:Result: Action: intercept_plan -> Failure
DEBUG:root:Result: Sequence: Defensive Strategy -> Failure
DEBUG:root:Executing:Sequence: Spread Strategy
DEBUG:root:Executing:Check: if_neutral_planet_available
DEBUG:root:Result: Check: if_neutral_planet_available -> Success
DEBUG:root:Executing:Action: spread_until_advantaged
DEBUG:root:Result: Action: spread_until_advantaged -> Failure
DEBUG:root:Result: Sequence: Spread Strategy -> Failure
DEBUG:root:Result: Selector: High Level Ordering of Strategies -> Failure
DEBUG:root:Finish turn

DEBUG:root:Executing:Selector: High Level Ordering of Strategies
DEBUG:root:Executing:Sequence: Free Planets Strategy
DEBUG:root:Executing:Check: if_free_planet
DEBUG:root:Result: Check: if_free_planet -> Success
DEBUG:root:Executing:Action: free_planet_plan
DEBUG:root:Order:11 5 22.0
DEBUG:root:Result: Action: free_planet_plan -> Success
DEBUG:root:Result: Sequence: Free Planets Strategy -> Success
DEBUG:root:Result: Selector: High Level Ordering of Strategies -> Success
DEBUG:root:Finish turn

DEBUG:root:Executing:Selector: High Level Ordering of Strategies
DEBUG:root:Executing:Sequence: Free Planets Strategy
DEBUG:root:Executing:Check: if_free_planet
DEBUG:root:Result: Check: if_free_planet -> Success
DEBUG:root:Executing:Action: free_planet_plan
DEBUG:root:Order:0 5 26.0
DEBUG:root:Result: Action: free_planet_plan -> Success
DEBUG:root:Result: Sequence: Free Planets Strategy -> Success
DEBUG:root:Result: Selector: High Level Ordering of Strategies -> Success
DEBUG:root:Finish turn

DEBUG:root:Executing:Selector: High Level Ordering of Strategies
DEBUG:root:Executing:Sequence: Free Planets Strategy
DEBUG:root:Executing:Check: if_free_planet
DEBUG:root:Result: Check: if_free_planet -> Success
DEBUG:root:Executing:Action: free_planet_plan
DEBUG:root:Order:12 17 37.0
DEBUG:root:Result: Action: free_planet_plan -> Success
DEBUG:root:Result: Sequence: Free Planets Strategy -> Success
DEBUG:root:Result: Selector: High Level Ordering of Strategies -> Success
DEBUG:root:Finish turn

DEBUG:root:Executing:Selector: High Level Ordering of Strategies
DEBUG:root:Executing:Sequence: Free Planets Strategy
DEBUG:root:Executing:Check: if_free_planet
DEBUG:root:Result: Check: if_free_planet -> Success
DEBUG:root:Executing:Action: free_planet_plan
DEBUG:root:Result: Action: free_planet_plan -> Failure
DEBUG:root:Result: Sequence: Free Planets Strategy -> Failure
DEBUG:root:Executing:Sequence: Defensive Strategy
DEBUG:root:Executing:Check: if_enemy_fleet
DEBUG:root:Result: Check: if_enemy_fleet -> Success
DEBUG:root:Executing:Action: intercept_plan
DEBUG:root:Result: Action: intercept_plan -> Failure
DEBUG:root:Result: Sequence: Defensive Strategy -> Failure
DEBUG:root:Executing:Sequence: Spread Strategy
DEBUG:root:Executing:Check: if_neutral_planet_available
DEBUG:root:Result: Check: if_neutral_planet_available -> Success
DEBUG:root:Executing:Action: spread_until_advantaged
DEBUG:root:Order:1 15 60.0
DEBUG:root:Bad order:1 0.0 59.0
DEBUG:root:Bad order:1 0.0 60.0
DEBUG:root:Bad order:1 0.0 56.0
DEBUG:root:Result: Action: spread_until_advantaged -> Failure
DEBUG:root:Result: Sequence: Spread Strategy -> Failure
DEBUG:root:Result: Selector: High Level Ordering of Strategies -> Failure
DEBUG:root:Finish turn

DEBUG:root:Executing:Selector: High Level Ordering of Strategies
DEBUG:root:Executing:Sequence: Free Planets Strategy
DEBUG:root:Executing:Check: if_free_planet
DEBUG:root:Result: Check: if_free_planet -> Success
DEBUG:root:Executing:Action: free_planet_plan
DEBUG:root:Result: Action: free_planet_plan -> Failure
DEBUG:root:Result: Sequence: Free Planets Strategy -> Failure
DEBUG:root:Executing:Sequence: Defensive Strategy
DEBUG:root:Executing:Check: if_enemy_fleet
DEBUG:root:Result: Check: if_enemy_fleet -> Success
DEBUG:root:Executing:Action: intercept_plan
DEBUG:root:Result: Action: intercept_plan -> Failure
DEBUG:root:Result: Sequence: Defensive Strategy -> Failure
DEBUG:root:Executing:Sequence: Spread Strategy
DEBUG:root:Executing:Check: if_neutral_planet_available
DEBUG:root:Result: Check: if_neutral_planet_available -> Success
DEBUG:root:Executing:Action: spread_until_advantaged
DEBUG:root:Result: Action: spread_until_advantaged -> Failure
DEBUG:root:Result: Sequence: Spread Strategy -> Failure
DEBUG:root:Result: Selector: High Level Ordering of Strategies -> Failure
DEBUG:root:Finish turn

DEBUG:root:Executing:Selector: High Level Ordering of Strategies
DEBUG:root:Executing:Sequence: Free Planets Strategy
DEBUG:root:Executing:Check: if_free_planet
DEBUG:root:Result: Check: if_free_planet -> Success
DEBUG:root:Executing:Action: free_planet_plan
DEBUG:root:Result: Action: free_planet_plan -> Failure
DEBUG:root:Result: Sequence: Free Planets Strategy -> Failure
DEBUG:root:Executing:Sequence: Defensive Strategy
DEBUG:root:Executing:Check: if_enemy_fleet
DEBUG:root:Result: Check: if_enemy_fleet -> Success
DEBUG:root:Executing:Action: intercept_plan
DEBUG:root:Result: Action: intercept_plan -> Failure
DEBUG:root:Result: Sequence: Defensive Strategy -> Failure
DEBUG:root:Executing:Sequence: Spread Strategy
DEBUG:root:Executing:Check: if_neutral_planet_available
DEBUG:root:Result: Check: if_neutral_planet_available -> Success
DEBUG:root:Executing:Action: spread_until_advantaged
DEBUG:root:Result: Action: spread_until_advantaged -> Failure
DEBUG:root:Result: Sequence: Spread Strategy -> Failure
DEBUG:root:Result: Selector: High Level Ordering of Strategies -> Failure
DEBUG:root:Finish turn

DEBUG:root:Executing:Selector: High Level Ordering of Strategies
DEBUG:root:Executing:Sequence: Free Planets Strategy
DEBUG:root:Executing:Check: if_free_planet
DEBUG:root:Result: Check: if_free_planet -> Success
DEBUG:root:Executing:Action: free_planet_plan
DEBUG:root:Result: Action: free_planet_plan -> Failure
DEBUG:root:Result: Sequence: Free Planets Strategy -> Failure
DEBUG:root:Executing:Sequence: Defensive Strategy
DEBUG:root:Executing:Check: if_enemy_fleet
DEBUG:root:Result: Check: if_enemy_fleet -> Success
DEBUG:root:Executing:Action: intercept_plan
DEBUG:root:Result: Action: intercept_plan -> Failure
DEBUG:root:Result: Sequence: Defensive Strategy -> Failure
DEBUG:root:Executing:Sequence: Spread Strategy
DEBUG:root:Executing:Check: if_neutral_planet_available
DEBUG:root:Result: Check: if_neutral_planet_available -> Success
DEBUG:root:Executing:Action: spread_until_advantaged
DEBUG:root:Result: Action: spread_until_advantaged -> Failure
DEBUG:root:Result: Sequence: Spread Strategy -> Failure
DEBUG:root:Result: Selector: High Level Ordering of Strategies -> Failure
DEBUG:root:Finish turn

DEBUG:root:Executing:Selector: High Level Ordering of Strategies
DEBUG:root:Executing:Sequence: Free Planets Strategy
DEBUG:root:Executing:Check: if_free_planet
DEBUG:root:Result: Check: if_free_planet -> Success
DEBUG:root:Executing:Action: free_planet_plan
DEBUG:root:Result: Action: free_planet_plan -> Failure
DEBUG:root:Result: Sequence: Free Planets Strategy -> Failure
DEBUG:root:Executing:Sequence: Defensive Strategy
DEBUG:root:Executing:Check: if_enemy_fleet
DEBUG:root:Result: Check: if_enemy_fleet -> Success
DEBUG:root:Executing:Action: intercept_plan
DEBUG:root:Order:6 6 3
DEBUG:root:Result: Action: intercept_plan -> Failure
DEBUG:root:Result: Sequence: Defensive Strategy -> Failure
DEBUG:root:Executing:Sequence: Spread Strategy
DEBUG:root:Executing:Check: if_neutral_planet_available
DEBUG:root:Result: Check: if_neutral_planet_available -> Success
DEBUG:root:Executing:Action: spread_until_advantaged
DEBUG:root:Result: Action: spread_until_advantaged -> Failure
DEBUG:root:Result: Sequence: Spread Strategy -> Failure
DEBUG:root:Result: Selector: High Level Ordering of Strategies -> Failure
DEBUG:root:Finish turn

DEBUG:root:Executing:Selector: High Level Ordering of Strategies
DEBUG:root:Executing:Sequence: Free Planets Strategy
DEBUG:root:Executing:Check: if_free_planet
DEBUG:root:Result: Check: if_free_planet -> Success
DEBUG:root:Executing:Action: free_planet_plan
DEBUG:root:Result: Action: free_planet_plan -> Failure
DEBUG:root:Result: Sequence: Free Planets Strategy -> Failure
DEBUG:root:Executing:Sequence: Defensive Strategy
DEBUG:root:Executing:Check: if_enemy_fleet
DEBUG:root:Result: Check: if_enemy_fleet -> Success
DEBUG:root:Executing:Action: intercept_plan
DEBUG:root:Order:18 18 4
DEBUG:root:Result: Action: intercept_plan -> Failure
DEBUG:root:Result: Sequence: Defensive Strategy -> Failure
DEBUG:root:Executing:Sequence: Spread Strategy
DEBUG:root:Executing:Check: if_neutral_planet_available
DEBUG:root:Result: Check: if_neutral_planet_available -> Success
DEBUG:root:Executing:Action: spread_until_advantaged
DEBUG:root:Result: Action: spread_until_advantaged -> Failure
DEBUG:root:Result: Sequence: Spread Strategy -> Failure
DEBUG:root:Result: Selector: High Level Ordering of Strategies -> Failure
DEBUG:root:Finish turn

DEBUG:root:Executing:Selector: High Level Ordering of Strategies
DEBUG:root:Executing:Sequence: Free Planets Strategy
DEBUG:root:Executing:Check: if_free_planet
DEBUG:root:Result: Check: if_free_planet -> Success
DEBUG:root:Executing:Action: free_planet_plan
DEBUG:root:Result: Action: free_planet_plan -> Failure
DEBUG:root:Result: Sequence: Free Planets Strategy -> Failure
DEBUG:root:Executing:Sequence: Defensive Strategy
DEBUG:root:Executing:Check: if_enemy_fleet
DEBUG:root:Result: Check: if_enemy_fleet -> Success
DEBUG:root:Executing:Action: intercept_plan
DEBUG:root:Order:18 18 4
DEBUG:root:Result: Action: intercept_plan -> Failure
DEBUG:root:Result: Sequence: Defensive Strategy -> Failure
DEBUG:root:Executing:Sequence: Spread Strategy
DEBUG:root:Executing:Check: if_neutral_planet_available
DEBUG:root:Result: Check: if_neutral_planet_available -> Success
DEBUG:root:Executing:Action: spread_until_advantaged
DEBUG:root:Result: Action: spread_until_advantaged -> Failure
DEBUG:root:Result: Sequence: Spread Strategy -> Failure
DEBUG:root:Result: Selector: High Level Ordering of Strategies -> Failure
DEBUG:root:Finish turn

DEBUG:root:Executing:Selector: High Level Ordering of Strategies
DEBUG:root:Executing:Sequence: Free Planets Strategy
DEBUG:root:Executing:Check: if_free_planet
DEBUG:root:Result: Check: if_free_planet -> Success
DEBUG:root:Executing:Action: free_planet_plan
DEBUG:root:Order:4 9 36.0
DEBUG:root:Result: Action: free_planet_plan -> Success
DEBUG:root:Result: Sequence: Free Planets Strategy -> Success
DEBUG:root:Result: Selector: High Level Ordering of Strategies -> Success
DEBUG:root:Finish turn

DEBUG:root:Executing:Selector: High Level Ordering of Strategies
DEBUG:root:Executing:Sequence: Free Planets Strategy
DEBUG:root:Executing:Check: if_free_planet
DEBUG:root:Result: Check: if_free_planet -> Success
DEBUG:root:Executing:Action: free_planet_plan
DEBUG:root:Order:5 9 34.0
DEBUG:root:Result: Action: free_planet_plan -> Success
DEBUG:root:Result: Sequence: Free Planets Strategy -> Success
DEBUG:root:Result: Selector: High Level Ordering of Strategies -> Success
DEBUG:root:Finish turn

DEBUG:root:Executing:Selector: High Level Ordering of Strategies
DEBUG:root:Executing:Sequence: Free Planets Strategy
DEBUG:root:Executing:Check: if_free_planet
DEBUG:root:Result: Check: if_free_planet -> Success
DEBUG:root:Executing:Action: free_planet_plan
DEBUG:root:Order:0 18 16.0
DEBUG:root:Result: Action: free_planet_plan -> Success
DEBUG:root:Result: Sequence: Free Planets Strategy -> Success
DEBUG:root:Result: Selector: High Level Ordering of Strategies -> Success
DEBUG:root:Finish turn

DEBUG:root:Executing:Selector: High Level Ordering of Strategies
DEBUG:root:Executing:Sequence: Free Planets Strategy
DEBUG:root:Executing:Check: if_free_planet
DEBUG:root:Result: Check: if_free_planet -> Success
DEBUG:root:Executing:Action: free_planet_plan
DEBUG:root:Order:1 18 18.0
DEBUG:root:Result: Action: free_planet_plan -> Success
DEBUG:root:Result: Sequence: Free Planets Strategy -> Success
DEBUG:root:Result: Selector: High Level Ordering of Strategies -> Success
DEBUG:root:Finish turn

DEBUG:root:Executing:Selector: High Level Ordering of Strategies
DEBUG:root:Executing:Sequence: Free Planets Strategy
DEBUG:root:Executing:Check: if_free_planet
DEBUG:root:Result: Check: if_free_planet -> Success
DEBUG:root:Executing:Action: free_planet_plan
DEBUG:root:Order:4 18 18.0
DEBUG:root:Result: Action: free_planet_plan -> Success
DEBUG:root:Result: Sequence: Free Planets Strategy -> Success
DEBUG:root:Result: Selector: High Level Ordering of Strategies -> Success
DEBUG:root:Finish turn

DEBUG:root:Executing:Selector: High Level Ordering of Strategies
DEBUG:root:Executing:Sequence: Free Planets Strategy
DEBUG:root:Executing:Check: if_free_planet
DEBUG:root:Result: Check: if_free_planet -> Success
DEBUG:root:Executing:Action: free_planet_plan
DEBUG:root:Order:5 18 40.0
DEBUG:root:Result: Action: free_planet_plan -> Success
DEBUG:root:Result: Sequence: Free Planets Strategy -> Success
DEBUG:root:Result: Selector: High Level Ordering of Strategies -> Success
DEBUG:root:Finish turn

DEBUG:root:Executing:Selector: High Level Ordering of Strategies
DEBUG:root:Executing:Sequence: Free Planets Strategy
DEBUG:root:Executing:Check: if_free_planet
DEBUG:root:Result: Check: if_free_planet -> Success
DEBUG:root:Executing:Action: free_planet_plan
DEBUG:root:Order:11 18 24.0
DEBUG:root:Result: Action: free_planet_plan -> Success
DEBUG:root:Result: Sequence: Free Planets Strategy -> Success
DEBUG:root:Result: Selector: High Level Ordering of Strategies -> Success
DEBUG:root:Finish turn

DEBUG:root:Executing:Selector: High Level Ordering of Strategies
DEBUG:root:Executing:Sequence: Free Planets Strategy
DEBUG:root:Executing:Check: if_free_planet
DEBUG:root:Result: Check: if_free_planet -> Success
DEBUG:root:Executing:Action: free_planet_plan
DEBUG:root:Order:12 18 30.0
DEBUG:root:Result: Action: free_planet_plan -> Success
DEBUG:root:Result: Sequence: Free Planets Strategy -> Success
DEBUG:root:Result: Selector: High Level Ordering of Strategies -> Success
DEBUG:root:Finish turn

DEBUG:root:Executing:Selector: High Level Ordering of Strategies
DEBUG:root:Executing:Sequence: Free Planets Strategy
DEBUG:root:Executing:Check: if_free_planet
DEBUG:root:Result: Check: if_free_planet -> Success
DEBUG:root:Executing:Action: free_planet_plan
DEBUG:root:Order:0 9 16.0
DEBUG:root:Result: Action: free_planet_plan -> Success
DEBUG:root:Result: Sequence: Free Planets Strategy -> Success
DEBUG:root:Result: Selector: High Level Ordering of Strategies -> Success
DEBUG:root:Finish turn

DEBUG:root:Executing:Selector: High Level Ordering of Strategies
DEBUG:root:Executing:Sequence: Free Planets Strategy
DEBUG:root:Executing:Check: if_free_planet
DEBUG:root:Result: Check: if_free_planet -> Success
DEBUG:root:Executing:Action: free_planet_plan
DEBUG:root:Order:1 9 27.0
DEBUG:root:Result: Action: free_planet_plan -> Success
DEBUG:root:Result: Sequence: Free Planets Strategy -> Success
DEBUG:root:Result: Selector: High Level Ordering of Strategies -> Success
DEBUG:root:Finish turn

DEBUG:root:Executing:Selector: High Level Ordering of Strategies
DEBUG:root:Executing:Sequence: Free Planets Strategy
DEBUG:root:Executing:Check: if_free_planet
DEBUG:root:Result: Check: if_free_planet -> Success
DEBUG:root:Executing:Action: free_planet_plan
DEBUG:root:Order:11 9 19.0
DEBUG:root:Result: Action: free_planet_plan -> Success
DEBUG:root:Result: Sequence: Free Planets Strategy -> Success
DEBUG:root:Result: Selector: High Level Ordering of Strategies -> Success
DEBUG:root:Finish turn

DEBUG:root:Executing:Selector: High Level Ordering of Strategies
DEBUG:root:Executing:Sequence: Free Planets Strategy
DEBUG:root:Executing:Check: if_free_planet
DEBUG:root:Result: Check: if_free_planet -> Success
DEBUG:root:Executing:Action: free_planet_plan
DEBUG:root:Order:12 9 19.0
DEBUG:root:Result: Action: free_planet_plan -> Success
DEBUG:root:Result: Sequence: Free Planets Strategy -> Success
DEBUG:root:Result: Selector: High Level Ordering of Strategies -> Success
DEBUG:root:Finish turn

DEBUG:root:Executing:Selector: High Level Ordering of Strategies
DEBUG:root:Executing:Sequence: Free Planets Strategy
DEBUG:root:Executing:Check: if_free_planet
DEBUG:root:Result: Check: if_free_planet -> Success
DEBUG:root:Executing:Action: free_planet_plan
DEBUG:root:Order:17 9 13.0
DEBUG:root:Result: Action: free_planet_plan -> Success
DEBUG:root:Result: Sequence: Free Planets Strategy -> Success
DEBUG:root:Result: Selector: High Level Ordering of Strategies -> Success
DEBUG:root:Finish turn

DEBUG:root:Executing:Selector: High Level Ordering of Strategies
DEBUG:root:Executing:Sequence: Free Planets Strategy
DEBUG:root:Executing:Check: if_free_planet
DEBUG:root:Result: Check: if_free_planet -> Success
DEBUG:root:Executing:Action: free_planet_plan
DEBUG:root:Order:18 9 28.0
DEBUG:root:Result: Action: free_planet_plan -> Success
DEBUG:root:Result: Sequence: Free Planets Strategy -> Success
DEBUG:root:Result: Selector: High Level Ordering of Strategies -> Success
DEBUG:root:Finish turn

DEBUG:root:Executing:Selector: High Level Ordering of Strategies
DEBUG:root:Executing:Sequence: Free Planets Strategy
DEBUG:root:Executing:Check: if_free_planet
DEBUG:root:Result: Check: if_free_planet -> Success
DEBUG:root:Executing:Action: free_planet_plan
DEBUG:root:Order:0 6 16.0
DEBUG:root:Result: Action: free_planet_plan -> Success
DEBUG:root:Result: Sequence: Free Planets Strategy -> Success
DEBUG:root:Result: Selector: High Level Ordering of Strategies -> Success
DEBUG:root:Finish turn

DEBUG:root:Executing:Selector: High Level Ordering of Strategies
DEBUG:root:Executing:Sequence: Free Planets Strategy
DEBUG:root:Executing:Check: if_free_planet
DEBUG:root:Result: Check: if_free_planet -> Success
DEBUG:root:Executing:Action: free_planet_plan
DEBUG:root:Order:1 6 14.0
DEBUG:root:Result: Action: free_planet_plan -> Success
DEBUG:root:Result: Sequence: Free Planets Strategy -> Success
DEBUG:root:Result: Selector: High Level Ordering of Strategies -> Success
DEBUG:root:Finish turn

DEBUG:root:Executing:Selector: High Level Ordering of Strategies
DEBUG:root:Executing:Sequence: Free Planets Strategy
DEBUG:root:Executing:Check: if_free_planet
DEBUG:root:Result: Check: if_free_planet -> Success
DEBUG:root:Executing:Action: free_planet_plan
DEBUG:root:Order:4 6 14.0
DEBUG:root:Result: Action: free_planet_plan -> Success
DEBUG:root:Result: Sequence: Free Planets Strategy -> Success
DEBUG:root:Result: Selector: High Level Ordering of Strategies -> Success
DEBUG:root:Finish turn

DEBUG:root:Executing:Selector: High Level Ordering of Strategies
DEBUG:root:Executing:Sequence: Free Planets Strategy
DEBUG:root:Executing:Check: if_free_planet
DEBUG:root:Result: Check: if_free_planet -> Success
DEBUG:root:Executing:Action: free_planet_plan
DEBUG:root:Order:5 6 33.0
DEBUG:root:Result: Action: free_planet_plan -> Success
DEBUG:root:Result: Sequence: Free Planets Strategy -> Success
DEBUG:root:Result: Selector: High Level Ordering of Strategies -> Success
DEBUG:root:Finish turn

DEBUG:root:Executing:Selector: High Level Ordering of Strategies
DEBUG:root:Executing:Sequence: Free Planets Strategy
DEBUG:root:Executing:Check: if_free_planet
DEBUG:root:Result: Check: if_free_planet -> Success
DEBUG:root:Executing:Action: free_planet_plan
DEBUG:root:Order:11 6 23.0
DEBUG:root:Result: Action: free_planet_plan -> Success
DEBUG:root:Result: Sequence: Free Planets Strategy -> Success
DEBUG:root:Result: Selector: High Level Ordering of Strategies -> Success
DEBUG:root:Finish turn

DEBUG:root:Executing:Selector: High Level Ordering of Strategies
DEBUG:root:Executing:Sequence: Free Planets Strategy
DEBUG:root:Executing:Check: if_free_planet
DEBUG:root:Result: Check: if_free_planet -> Success
DEBUG:root:Executing:Action: free_planet_plan
DEBUG:root:Order:0 19 16.0
DEBUG:root:Result: Action: free_planet_plan -> Success
DEBUG:root:Result: Sequence: Free Planets Strategy -> Success
DEBUG:root:Result: Selector: High Level Ordering of Strategies -> Success
DEBUG:root:Finish turn

DEBUG:root:Executing:Selector: High Level Ordering of Strategies
DEBUG:root:Executing:Sequence: Free Planets Strategy
DEBUG:root:Executing:Check: if_free_planet
DEBUG:root:Result: Check: if_free_planet -> Success
DEBUG:root:Executing:Action: free_planet_plan
DEBUG:root:Order:1 19 12.0
DEBUG:root:Result: Action: free_planet_plan -> Success
DEBUG:root:Result: Sequence: Free Planets Strategy -> Success
DEBUG:root:Result: Selector: High Level Ordering of Strategies -> Success
DEBUG:root:Finish turn

DEBUG:root:Executing:Selector: High Level Ordering of Strategies
DEBUG:root:Executing:Sequence: Free Planets Strategy
DEBUG:root:Executing:Check: if_free_planet
DEBUG:root:Result: Check: if_free_planet -> Success
DEBUG:root:Executing:Action: free_planet_plan
DEBUG:root:Order:4 19 16.0
DEBUG:root:Result: Action: free_planet_plan -> Success
DEBUG:root:Result: Sequence: Free Planets Strategy -> Success
DEBUG:root:Result: Selector: High Level Ordering of Strategies -> Success
DEBUG:root:Finish turn

DEBUG:root:Executing:Selector: High Level Ordering of Strategies
DEBUG:root:Executing:Sequence: Free Planets Strategy
DEBUG:root:Executing:Check: if_free_planet
DEBUG:root:Result: Check: if_free_planet -> Success
DEBUG:root:Executing:Action: free_planet_plan
DEBUG:root:Order:9 2 52.0
DEBUG:root:Result: Action: free_planet_plan -> Success
DEBUG:root:Result: Sequence: Free Planets Strategy -> Success
DEBUG:root:Result: Selector: High Level Ordering of Strategies -> Success
DEBUG:root:Finish turn

DEBUG:root:Executing:Selector: High Level Ordering of Strategies
DEBUG:root:Executing:Sequence: Free Planets Strategy
DEBUG:root:Executing:Check: if_free_planet
DEBUG:root:Result: Check: if_free_planet -> Success
DEBUG:root:Executing:Action: free_planet_plan
DEBUG:root:Order:11 19 19.0
DEBUG:root:Result: Action: free_planet_plan -> Success
DEBUG:root:Result: Sequence: Free Planets Strategy -> Success
DEBUG:root:Result: Selector: High Level Ordering of Strategies -> Success
DEBUG:root:Finish turn

DEBUG:root:Executing:Selector: High Level Ordering of Strategies
DEBUG:root:Executing:Sequence: Free Planets Strategy
DEBUG:root:Executing:Check: if_free_planet
DEBUG:root:Result: Check: if_free_planet -> Success
DEBUG:root:Executing:Action: free_planet_plan
DEBUG:root:Order:11 2 68.0
DEBUG:root:Result: Action: free_planet_plan -> Success
DEBUG:root:Result: Sequence: Free Planets Strategy -> Success
DEBUG:root:Result: Selector: High Level Ordering of Strategies -> Success
DEBUG:root:Finish turn

DEBUG:root:Executing:Selector: High Level Ordering of Strategies
DEBUG:root:Executing:Sequence: Free Planets Strategy
DEBUG:root:Executing:Check: if_free_planet
DEBUG:root:Result: Check: if_free_planet -> Success
DEBUG:root:Executing:Action: free_planet_plan
DEBUG:root:Order:9 6 35.0
DEBUG:root:Result: Action: free_planet_plan -> Success
DEBUG:root:Result: Sequence: Free Planets Strategy -> Success
DEBUG:root:Result: Selector: High Level Ordering of Strategies -> Success
DEBUG:root:Finish turn

DEBUG:root:Executing:Selector: High Level Ordering of Strategies
DEBUG:root:Executing:Sequence: Free Planets Strategy
DEBUG:root:Executing:Check: if_free_planet
DEBUG:root:Result: Check: if_free_planet -> Success
DEBUG:root:Executing:Action: free_planet_plan
DEBUG:root:Order:12 2 88.0
DEBUG:root:Result: Action: free_planet_plan -> Success
DEBUG:root:Result: Sequence: Free Planets Strategy -> Success
DEBUG:root:Result: Selector: High Level Ordering of Strategies -> Success
DEBUG:root:Finish turn

DEBUG:root:Executing:Selector: High Level Ordering of Strategies
DEBUG:root:Executing:Sequence: Free Planets Strategy
DEBUG:root:Executing:Check: if_free_planet
DEBUG:root:Result: Check: if_free_planet -> Success
DEBUG:root:Executing:Action: free_planet_plan
DEBUG:root:Order:12 19 26.0
DEBUG:root:Result: Action: free_planet_plan -> Success
DEBUG:root:Result: Sequence: Free Planets Strategy -> Success
DEBUG:root:Result: Selector: High Level Ordering of Strategies -> Success
DEBUG:root:Finish turn

DEBUG:root:Executing:Selector: High Level Ordering of Strategies
DEBUG:root:Executing:Sequence: Free Planets Strategy
DEBUG:root:Executing:Check: if_free_planet
DEBUG:root:Result: Check: if_free_planet -> Success
DEBUG:root:Executing:Action: free_planet_plan
DEBUG:root:Order:15 19 32.0
DEBUG:root:Result: Action: free_planet_plan -> Success
DEBUG:root:Result: Sequence: Free Planets Strategy -> Success
DEBUG:root:Result: Selector: High Level Ordering of Strategies -> Success
DEBUG:root:Finish turn

DEBUG:root:Executing:Selector: High Level Ordering of Strategies
DEBUG:root:Executing:Sequence: Free Planets Strategy
DEBUG:root:Executing:Check: if_free_planet
DEBUG:root:Result: Check: if_free_planet -> Success
DEBUG:root:Executing:Action: free_planet_plan
DEBUG:root:Order:0 5 16.0
DEBUG:root:Result: Action: free_planet_plan -> Success
DEBUG:root:Result: Sequence: Free Planets Strategy -> Success
DEBUG:root:Result: Selector: High Level Ordering of Strategies -> Success
DEBUG:root:Finish turn

DEBUG:root:Executing:Selector: High Level Ordering of Strategies
DEBUG:root:Executing:Sequence: Free Planets Strategy
DEBUG:root:Executing:Check: if_free_planet
DEBUG:root:Result: Check: if_free_planet -> Success
DEBUG:root:Executing:Action: free_planet_plan
DEBUG:root:Order:1 5 26.0
DEBUG:root:Result: Action: free_planet_plan -> Success
DEBUG:root:Result: Sequence: Free Planets Strategy -> Success
DEBUG:root:Result: Selector: High Level Ordering of Strategies -> Success
DEBUG:root:Finish turn

DEBUG:root:Executing:Selector: High Level Ordering of Strategies
DEBUG:root:Executing:Sequence: Free Planets Strategy
DEBUG:root:Executing:Check: if_free_planet
DEBUG:root:Result: Check: if_free_planet -> Success
DEBUG:root:Executing:Action: free_planet_plan
DEBUG:root:Order:2 5 15.0
DEBUG:root:Result: Action: free_planet_plan -> Success
DEBUG:root:Result: Sequence: Free Planets Strategy -> Success
DEBUG:root:Result: Selector: High Level Ordering of Strategies -> Success
DEBUG:root:Finish turn

DEBUG:root:Executing:Selector: High Level Ordering of Strategies
DEBUG:root:Executing:Sequence: Free Planets Strategy
DEBUG:root:Executing:Check: if_free_planet
DEBUG:root:Result: Check: if_free_planet -> Success
DEBUG:root:Executing:Action: free_planet_plan
DEBUG:root:Order:4 5 24.0
DEBUG:root:Result: Action: free_planet_plan -> Success
DEBUG:root:Result: Sequence: Free Planets Strategy -> Success
DEBUG:root:Result: Selector: High Level Ordering of Strategies -> Success
DEBUG:root:Finish turn

DEBUG:root:Executing:Selector: High Level Ordering of Strategies
DEBUG:root:Executing:Sequence: Free Planets Strategy
DEBUG:root:Executing:Check: if_free_planet
DEBUG:root:Result: Check: if_free_planet -> Success
DEBUG:root:Executing:Action: free_planet_plan
DEBUG:root:Order:9 5 22.0
DEBUG:root:Result: Action: free_planet_plan -> Success
DEBUG:root:Result: Sequence: Free Planets Strategy -> Success
DEBUG:root:Result: Selector: High Level Ordering of Strategies -> Success
DEBUG:root:Finish turn

DEBUG:root:Executing:Selector: High Level Ordering of Strategies
DEBUG:root:Executing:Sequence: Free Planets Strategy
DEBUG:root:Executing:Check: if_free_planet
DEBUG:root:Result: Check: if_free_planet -> Success
DEBUG:root:Executing:Action: free_planet_plan
DEBUG:root:Order:11 5 18.0
DEBUG:root:Result: Action: free_planet_plan -> Success
DEBUG:root:Result: Sequence: Free Planets Strategy -> Success
DEBUG:root:Result: Selector: High Level Ordering of Strategies -> Success
DEBUG:root:Finish turn

DEBUG:root:Executing:Selector: High Level Ordering of Strategies
DEBUG:root:Executing:Sequence: Free Planets Strategy
DEBUG:root:Executing:Check: if_free_planet
DEBUG:root:Result: Check: if_free_planet -> Success
DEBUG:root:Executing:Action: free_planet_plan
DEBUG:root:Order:6 5 36.0
DEBUG:root:Result: Action: free_planet_plan -> Success
DEBUG:root:Result: Sequence: Free Planets Strategy -> Success
DEBUG:root:Result: Selector: High Level Ordering of Strategies -> Success
DEBUG:root:Finish turn

DEBUG:root:Executing:Selector: High Level Ordering of Strategies
DEBUG:root:Executing:Sequence: Free Planets Strategy
DEBUG:root:Executing:Check: if_free_planet
DEBUG:root:Result: Check: if_free_planet -> Success
DEBUG:root:Executing:Action: free_planet_plan
DEBUG:root:Order:12 5 26.0
DEBUG:root:Result: Action: free_planet_plan -> Success
DEBUG:root:Result: Sequence: Free Planets Strategy -> Success
DEBUG:root:Result: Selector: High Level Ordering of Strategies -> Success
DEBUG:root:Finish turn

DEBUG:root:Executing:Selector: High Level Ordering of Strategies
DEBUG:root:Executing:Sequence: Free Planets Strategy
DEBUG:root:Executing:Check: if_free_planet
DEBUG:root:Result: Check: if_free_planet -> Success
DEBUG:root:Executing:Action: free_planet_plan
DEBUG:root:Order:15 5 33.0
DEBUG:root:Result: Action: free_planet_plan -> Success
DEBUG:root:Result: Sequence: Free Planets Strategy -> Success
DEBUG:root:Result: Selector: High Level Ordering of Strategies -> Success
DEBUG:root:Finish turn

DEBUG:root:Executing:Selector: High Level Ordering of Strategies
DEBUG:root:Executing:Sequence: Free Planets Strategy
DEBUG:root:Executing:Check: if_free_planet
DEBUG:root:Result: Check: if_free_planet -> Success
DEBUG:root:Executing:Action: free_planet_plan
DEBUG:root:Order:17 5 26.0
DEBUG:root:Result: Action: free_planet_plan -> Success
DEBUG:root:Result: Sequence: Free Planets Strategy -> Success
DEBUG:root:Result: Selector: High Level Ordering of Strategies -> Success
DEBUG:root:Finish turn

DEBUG:root:Executing:Selector: High Level Ordering of Strategies
DEBUG:root:Executing:Sequence: Free Planets Strategy
DEBUG:root:Executing:Check: if_free_planet
DEBUG:root:Result: Check: if_free_planet -> Success
DEBUG:root:Executing:Action: free_planet_plan
DEBUG:root:Order:18 5 28.0
DEBUG:root:Result: Action: free_planet_plan -> Success
DEBUG:root:Result: Sequence: Free Planets Strategy -> Success
DEBUG:root:Result: Selector: High Level Ordering of Strategies -> Success
DEBUG:root:Finish turn

DEBUG:root:Executing:Selector: High Level Ordering of Strategies
DEBUG:root:Executing:Sequence: Free Planets Strategy
DEBUG:root:Executing:Check: if_free_planet
DEBUG:root:Result: Check: if_free_planet -> Success
DEBUG:root:Executing:Action: free_planet_plan
DEBUG:root:Order:19 5 33.0
DEBUG:root:Result: Action: free_planet_plan -> Success
DEBUG:root:Result: Sequence: Free Planets Strategy -> Success
DEBUG:root:Result: Selector: High Level Ordering of Strategies -> Success
DEBUG:root:Finish turn

DEBUG:root:Executing:Selector: High Level Ordering of Strategies
DEBUG:root:Executing:Sequence: Free Planets Strategy
DEBUG:root:Executing:Check: if_free_planet
DEBUG:root:Result: Check: if_free_planet -> Success
DEBUG:root:Executing:Action: free_planet_plan
DEBUG:root:Result: Action: free_planet_plan -> Failure
DEBUG:root:Result: Sequence: Free Planets Strategy -> Failure
DEBUG:root:Executing:Sequence: Defensive Strategy
DEBUG:root:Executing:Check: if_enemy_fleet
DEBUG:root:Result: Check: if_enemy_fleet -> Failure
DEBUG:root:Result: Sequence: Defensive Strategy -> Failure
DEBUG:root:Executing:Sequence: Spread Strategy
DEBUG:root:Executing:Check: if_neutral_planet_available
DEBUG:root:Result: Check: if_neutral_planet_available -> Success
DEBUG:root:Executing:Action: spread_until_advantaged
DEBUG:root:Result: Action: spread_until_advantaged -> Failure
DEBUG:root:Result: Sequence: Spread Strategy -> Failure
DEBUG:root:Result: Selector: High Level Ordering of Strategies -> Failure
DEBUG:root:Finish turn

