DEBUG:root:Order:2 3 10.0
DEBUG:root:Finish turn

DEBUG:root:Order:2 4 10.0
DEBUG:root:Finish turn

DEBUG:root:Order:2 19 15.0
DEBUG:root:Finish turn

DEBUG:root:Order:2 20 15.0
DEBUG:root:Order:2 4 32
DEBUG:root:Finish turn

DEBUG:root:Order:2 15 20.0
DEBUG:root:Bad order:4 3.0 8
DEBUG:root:Finish turn

DEBUG:root:Order:2 16 20.0
DEBUG:root:Order:4 0 26.0
DEBUG:root:Order:4 2 4
DEBUG:root:Finish turn

DEBUG:root:Order:2 4 1
DEBUG:root:Finish turn

DEBUG:root:Order:2 19 6
DEBUG:root:Order:4 19 2
DEBUG:root:Finish turn

DEBUG:root:Order:2 19 2
DEBUG:root:Order:2 4 2
DEBUG:root:Finish turn

DEBUG:root:Order:2 19 1
DEBUG:root:Order:4 19 1
DEBUG:root:Finish turn

DEBUG:root:Order:2 19 1
DEBUG:root:Order:2 4 2
DEBUG:root:Finish turn

DEBUG:root:Order:2 15 6
DEBUG:root:Order:4 15 5
DEBUG:root:Order:19 15 2
DEBUG:root:Finish turn

DEBUG:root:Order:2 15 1
DEBUG:root:Order:2 19 1
DEBUG:root:Order:2 4 2
DEBUG:root:Finish turn

DEBUG:root:Order:2 19 1
DEBUG:root:Order:4 19 1
DEBUG:root:Finish turn

DEBUG:root:Order:2 19 1
DEBUG:root:Order:2 4 2
DEBUG:root:Finish turn

DEBUG:root:Order:2 19 1
DEBUG:root:Finish turn

DEBUG:root:Order:2 19 2
DEBUG:root:Finish turn

DEBUG:root:Order:2 19 3
DEBUG:root:Order:2 4 1
DEBUG:root:Finish turn

DEBUG:root:Order:2 0 8
DEBUG:root:Order:15 0 8
DEBUG:root:Order:4 0 6
DEBUG:root:Order:19 0 5
DEBUG:root:Finish turn

DEBUG:root:Order:2 0 5
DEBUG:root:Order:15 0 3
DEBUG:root:Order:4 0 2
DEBUG:root:Order:19 0 1
DEBUG:root:Finish turn

DEBUG:root:Order:2 0 6
DEBUG:root:Order:15 0 4
DEBUG:root:Order:4 0 3
DEBUG:root:Order:19 0 2
DEBUG:root:Finish turn

DEBUG:root:Order:2 0 7
DEBUG:root:Order:15 0 5
DEBUG:root:Order:4 0 4
DEBUG:root:Order:19 0 3
DEBUG:root:Finish turn

DEBUG:root:Order:2 0 6
DEBUG:root:Order:15 0 4
DEBUG:root:Order:4 0 3
DEBUG:root:Order:19 0 2
DEBUG:root:Finish turn

DEBUG:root:Order:2 19 12
DEBUG:root:Order:15 19 10
DEBUG:root:Order:4 19 9
DEBUG:root:Bad order:0 6.0 8
DEBUG:root:Finish turn

DEBUG:root:Order:2 19 7
DEBUG:root:Order:15 19 2
DEBUG:root:Order:15 0 5
DEBUG:root:Order:4 0 2
DEBUG:root:Finish turn

DEBUG:root:Order:2 0 1
DEBUG:root:Order:2 15 1
DEBUG:root:Order:2 19 1
DEBUG:root:Finish turn

DEBUG:root:Order:2 0 1
DEBUG:root:Order:2 19 1
DEBUG:root:Finish turn

DEBUG:root:Order:2 0 2
DEBUG:root:Order:2 19 2
DEBUG:root:Finish turn

DEBUG:root:Order:19 9 40.0
DEBUG:root:Order:2 19 9
DEBUG:root:Order:15 19 9
DEBUG:root:Order:4 19 8
DEBUG:root:Order:0 19 6
DEBUG:root:Finish turn

DEBUG:root:Order:2 19 3
DEBUG:root:Order:2 0 1
DEBUG:root:Finish turn

DEBUG:root:Order:2 0 1
DEBUG:root:Order:2 19 1
DEBUG:root:Order:2 4 1
DEBUG:root:Order:15 4 1
DEBUG:root:Finish turn

DEBUG:root:Order:2 0 1
DEBUG:root:Order:2 19 1
DEBUG:root:Finish turn

DEBUG:root:Order:19 5 46.0
DEBUG:root:Order:2 19 11
DEBUG:root:Order:15 19 11
DEBUG:root:Order:4 19 10
DEBUG:root:Order:0 19 7
DEBUG:root:Finish turn

DEBUG:root:Order:2 0 1
DEBUG:root:Order:2 19 1
DEBUG:root:Order:2 4 2
DEBUG:root:Finish turn

DEBUG:root:Order:2 0 1
DEBUG:root:Order:2 19 1
DEBUG:root:Finish turn

DEBUG:root:Order:2 0 6
DEBUG:root:Order:15 0 6
DEBUG:root:Order:4 0 5
DEBUG:root:Order:19 0 2
DEBUG:root:Finish turn

DEBUG:root:Order:2 0 6
DEBUG:root:Order:15 0 4
DEBUG:root:Order:4 0 3
DEBUG:root:Order:19 0 2
DEBUG:root:Finish turn

DEBUG:root:Order:19 11 54.0
DEBUG:root:Order:2 19 19
DEBUG:root:Order:15 19 17
DEBUG:root:Order:4 19 2
DEBUG:root:Order:4 0 16
DEBUG:root:Finish turn

DEBUG:root:Order:2 0 9
DEBUG:root:Order:15 0 7
DEBUG:root:Order:4 0 4
DEBUG:root:Order:19 0 4
DEBUG:root:Finish turn

DEBUG:root:Bad order:2 6.0 7
DEBUG:root:Bad order:15 4.0 5
DEBUG:root:Bad order:4 3.0 4
DEBUG:root:Order:19 0 3
DEBUG:root:Bad order:9 1.0 2
DEBUG:root:Bad order:11 1.0 2
DEBUG:root:Finish turn

DEBUG:root:Bad order:2 11.0 16
DEBUG:root:Bad order:15 7.0 12
DEBUG:root:Bad order:4 5.0 10
DEBUG:root:Bad order:11 5.0 10
DEBUG:root:Bad order:5 1.0 6
DEBUG:root:Order:19 9 5
DEBUG:root:Finish turn

DEBUG:root:Bad order:2 16.0 18
DEBUG:root:Bad order:15 10.0 12
DEBUG:root:Bad order:11 9.0 11
DEBUG:root:Bad order:4 7.0 9
DEBUG:root:Bad order:5 6.0 8
DEBUG:root:Finish turn

DEBUG:root:Order:2 9 20
DEBUG:root:Order:11 9 12
DEBUG:root:Order:15 9 10
DEBUG:root:Bad order:15 3.0 12
DEBUG:root:Order:5 0 10
DEBUG:root:Order:4 0 8
DEBUG:root:Finish turn

DEBUG:root:Order:2 19 2
DEBUG:root:Order:5 19 2
DEBUG:root:Order:15 19 1
DEBUG:root:Order:15 0 2
DEBUG:root:Order:11 0 1
DEBUG:root:Finish turn

DEBUG:root:Order:2 0 3
DEBUG:root:Order:2 9 2
DEBUG:root:Order:2 19 2
DEBUG:root:Order:2 4 1
DEBUG:root:Finish turn

DEBUG:root:Order:5 2 2
DEBUG:root:Order:5 0 1
DEBUG:root:Order:5 19 1
DEBUG:root:Order:5 4 5
DEBUG:root:Order:11 4 3
DEBUG:root:Finish turn

DEBUG:root:Order:4 0 2
DEBUG:root:Order:4 19 2
DEBUG:root:Order:4 5 1
DEBUG:root:Order:4 9 1
DEBUG:root:Finish turn

DEBUG:root:Order:2 19 6
DEBUG:root:Order:11 19 5
DEBUG:root:Order:5 19 4
DEBUG:root:Order:15 19 3
DEBUG:root:Order:4 19 2
DEBUG:root:Order:9 19 1
DEBUG:root:Finish turn

DEBUG:root:Order:2 19 5
DEBUG:root:Order:5 19 5
DEBUG:root:Order:11 19 4
DEBUG:root:Order:15 19 3
DEBUG:root:Order:4 19 2
DEBUG:root:Order:9 19 2
DEBUG:root:Order:0 19 1
DEBUG:root:Finish turn

DEBUG:root:Order:2 19 7
DEBUG:root:Order:5 19 7
DEBUG:root:Order:11 19 6
DEBUG:root:Order:15 19 5
DEBUG:root:Order:4 19 4
DEBUG:root:Order:9 19 4
DEBUG:root:Finish turn

DEBUG:root:Order:2 19 7
DEBUG:root:Order:5 19 7
DEBUG:root:Order:11 19 6
DEBUG:root:Order:15 19 5
DEBUG:root:Order:4 19 4
DEBUG:root:Order:9 19 4
DEBUG:root:Finish turn

DEBUG:root:Order:2 19 7
DEBUG:root:Order:5 19 7
DEBUG:root:Order:11 19 6
DEBUG:root:Order:15 19 5
DEBUG:root:Order:4 19 4
DEBUG:root:Order:9 19 4
DEBUG:root:Finish turn

DEBUG:root:Order:2 19 2
DEBUG:root:Order:5 19 2
DEBUG:root:Order:11 19 1
DEBUG:root:Finish turn

DEBUG:root:Order:19 14 62.0
DEBUG:root:Order:2 19 11
DEBUG:root:Order:5 19 11
DEBUG:root:Order:11 19 10
DEBUG:root:Order:15 19 9
DEBUG:root:Order:4 19 7
DEBUG:root:Order:9 19 7
DEBUG:root:Finish turn

DEBUG:root:Order:2 19 2
DEBUG:root:Order:5 19 1
DEBUG:root:Order:5 4 2
DEBUG:root:Order:11 4 1
DEBUG:root:Finish turn

DEBUG:root:Order:2 4 8
DEBUG:root:Order:5 4 7
DEBUG:root:Order:11 4 7
DEBUG:root:Order:15 4 6
DEBUG:root:Order:9 4 4
DEBUG:root:Order:19 4 3
DEBUG:root:Finish turn

DEBUG:root:Order:19 8 64.0
DEBUG:root:Bad order:2 8.0 11
DEBUG:root:Bad order:5 8.0 11
DEBUG:root:Bad order:11 7.0 10
DEBUG:root:Bad order:15 6.0 9
DEBUG:root:Order:4 19 8
DEBUG:root:Order:9 19 8
DEBUG:root:Finish turn

DEBUG:root:Order:2 19 12
DEBUG:root:Order:5 19 12
DEBUG:root:Order:11 19 10
DEBUG:root:Order:15 19 8
DEBUG:root:Finish turn

DEBUG:root:Bad order:2 6.0 8
DEBUG:root:Bad order:5 6.0 8
DEBUG:root:Bad order:11 5.0 7
DEBUG:root:Bad order:0 1.0 6
DEBUG:root:Bad order:15 4.0 6
DEBUG:root:Order:4 19 3
DEBUG:root:Order:9 19 3
DEBUG:root:Finish turn

DEBUG:root:Order:19 17 69.0
DEBUG:root:Bad order:2 11.0 21
DEBUG:root:Bad order:5 11.0 21
DEBUG:root:Bad order:11 9.0 19
DEBUG:root:Bad order:15 7.0 17
DEBUG:root:Order:4 19 10
DEBUG:root:Order:9 19 10
DEBUG:root:Finish turn

DEBUG:root:Bad order:2 16.0 25
DEBUG:root:Bad order:5 16.0 25
DEBUG:root:Bad order:11 13.0 22
DEBUG:root:Bad order:15 10.0 19
DEBUG:root:Order:4 19 1
DEBUG:root:Order:9 19 1
DEBUG:root:Finish turn

DEBUG:root:Bad order:2 21.0 30
DEBUG:root:Bad order:5 21.0 30
DEBUG:root:Bad order:11 17.0 26
DEBUG:root:Bad order:15 13.0 22
DEBUG:root:Order:4 19 2
DEBUG:root:Order:9 19 2
DEBUG:root:Finish turn

DEBUG:root:Bad order:2 26.0 35
DEBUG:root:Bad order:5 26.0 35
DEBUG:root:Bad order:11 21.0 30
DEBUG:root:Bad order:15 16.0 25
DEBUG:root:Order:4 19 2
DEBUG:root:Order:9 19 2
DEBUG:root:Finish turn

DEBUG:root:Bad order:2 31.0 38
DEBUG:root:Bad order:5 31.0 38
DEBUG:root:Bad order:11 25.0 32
DEBUG:root:Bad order:15 19.0 26
DEBUG:root:Bad order:8 1.0 8
DEBUG:root:Bad order:14 1.0 8
DEBUG:root:Finish turn

DEBUG:root:Order:19 18 69.0
DEBUG:root:Bad order:2 36.0 49
DEBUG:root:Bad order:5 36.0 49
DEBUG:root:Bad order:11 29.0 42
DEBUG:root:Bad order:15 22.0 35
DEBUG:root:Bad order:14 5.0 18
DEBUG:root:Order:4 19 8
DEBUG:root:Order:9 19 8
DEBUG:root:Finish turn

DEBUG:root:Bad order:2 41.0 53
DEBUG:root:Bad order:5 41.0 53
DEBUG:root:Bad order:11 33.0 45
DEBUG:root:Bad order:15 25.0 37
DEBUG:root:Bad order:14 9.0 21
DEBUG:root:Order:4 19 1
DEBUG:root:Finish turn

DEBUG:root:Bad order:2 46.0 58
DEBUG:root:Bad order:5 46.0 58
DEBUG:root:Bad order:11 37.0 49
DEBUG:root:Bad order:15 28.0 40
DEBUG:root:Bad order:14 13.0 25
DEBUG:root:Order:4 19 2
DEBUG:root:Finish turn

DEBUG:root:Bad order:2 51.0 63
DEBUG:root:Bad order:5 51.0 63
DEBUG:root:Bad order:11 41.0 53
DEBUG:root:Bad order:15 31.0 43
DEBUG:root:Bad order:14 17.0 29
DEBUG:root:Order:4 19 2
DEBUG:root:Finish turn

DEBUG:root:Bad order:17 63.0 67
DEBUG:root:Bad order:2 56.0 60
DEBUG:root:Bad order:5 56.0 60
DEBUG:root:Bad order:11 45.0 49
DEBUG:root:Bad order:15 34.0 38
DEBUG:root:Bad order:14 21.0 25
DEBUG:root:Finish turn

DEBUG:root:Order:17 8 59
DEBUG:root:Order:2 8 52
DEBUG:root:Order:5 8 7
DEBUG:root:Order:5 0 52
DEBUG:root:Order:11 0 40
DEBUG:root:Order:15 0 20
DEBUG:root:Order:15 4 16
DEBUG:root:Finish turn

DEBUG:root:Order:14 8 19
DEBUG:root:Order:2 8 1
DEBUG:root:Order:2 15 4
DEBUG:root:Order:17 15 2
DEBUG:root:Order:17 5 3
DEBUG:root:Order:17 0 1
DEBUG:root:Finish turn

DEBUG:root:Order:11 0 6
DEBUG:root:Order:5 0 4
DEBUG:root:Order:2 0 3
DEBUG:root:Order:14 0 3
DEBUG:root:Order:15 0 2
DEBUG:root:Order:17 0 2
DEBUG:root:Order:4 0 1
DEBUG:root:Finish turn

DEBUG:root:Order:2 8 1
DEBUG:root:Order:5 8 1
DEBUG:root:Order:5 15 1
DEBUG:root:Order:17 15 1
DEBUG:root:Finish turn

DEBUG:root:Order:2 8 4
DEBUG:root:Order:17 8 4
DEBUG:root:Order:5 8 3
DEBUG:root:Order:11 8 3
DEBUG:root:Order:14 8 3
DEBUG:root:Order:15 8 3
DEBUG:root:Finish turn

DEBUG:root:Order:2 8 4
DEBUG:root:Order:5 8 4
DEBUG:root:Order:17 8 4
DEBUG:root:Order:11 8 3
DEBUG:root:Order:14 8 3
DEBUG:root:Order:15 8 2
DEBUG:root:Finish turn

DEBUG:root:Order:18 15 22
DEBUG:root:Order:2 15 1
DEBUG:root:Order:5 15 1
DEBUG:root:Order:5 8 1
DEBUG:root:Order:17 8 1
DEBUG:root:Finish turn

DEBUG:root:Order:2 17 5
DEBUG:root:Order:18 17 5
DEBUG:root:Order:5 17 4
DEBUG:root:Order:11 17 4
DEBUG:root:Order:14 17 4
DEBUG:root:Order:15 17 2
DEBUG:root:Finish turn

DEBUG:root:Order:2 8 8
DEBUG:root:Order:5 8 8
DEBUG:root:Order:18 8 8
DEBUG:root:Order:11 8 7
DEBUG:root:Order:11 4 7
DEBUG:root:Order:14 4 7
DEBUG:root:Finish turn

DEBUG:root:Order:2 4 6
DEBUG:root:Order:5 4 6
DEBUG:root:Order:18 4 6
DEBUG:root:Order:14 4 5
DEBUG:root:Order:8 4 1
DEBUG:root:Finish turn

DEBUG:root:Order:2 4 10
DEBUG:root:Order:5 4 10
DEBUG:root:Order:18 4 10
DEBUG:root:Order:14 4 9
DEBUG:root:Order:11 4 7
DEBUG:root:Order:8 4 6
DEBUG:root:Finish turn

DEBUG:root:Bad order:0 1.0 31
DEBUG:root:Bad order:0 1.0 3
DEBUG:root:Bad order:0 1.0 36
DEBUG:root:Finish turn

DEBUG:root:Order:2 4 6
DEBUG:root:Order:5 4 6
DEBUG:root:Order:18 4 6
DEBUG:root:Order:11 4 4
DEBUG:root:Order:14 4 4
DEBUG:root:Finish turn

DEBUG:root:Order:2 18 9
DEBUG:root:Order:5 18 9
DEBUG:root:Order:11 18 8
DEBUG:root:Order:14 18 8
DEBUG:root:Order:4 18 3
DEBUG:root:Order:8 18 3
DEBUG:root:Finish turn

DEBUG:root:Order:2 18 12
DEBUG:root:Order:5 18 12
DEBUG:root:Order:11 18 11
DEBUG:root:Order:14 18 11
DEBUG:root:Order:4 18 9
DEBUG:root:Order:8 18 8
DEBUG:root:Finish turn

DEBUG:root:Order:0 2 29
DEBUG:root:Order:5 2 4
DEBUG:root:Order:11 2 3
DEBUG:root:Order:14 2 2
DEBUG:root:Order:14 18 1
DEBUG:root:Finish turn

DEBUG:root:Order:5 0 9
DEBUG:root:Order:2 0 8
DEBUG:root:Order:11 0 8
DEBUG:root:Order:14 0 8
DEBUG:root:Order:18 0 8
DEBUG:root:Order:4 0 7
DEBUG:root:Order:8 0 5
DEBUG:root:Finish turn

DEBUG:root:Order:2 0 6
DEBUG:root:Order:5 0 6
DEBUG:root:Order:18 0 6
DEBUG:root:Order:11 0 5
DEBUG:root:Order:14 0 5
DEBUG:root:Order:4 0 3
DEBUG:root:Order:8 0 2
DEBUG:root:Finish turn

DEBUG:root:Order:2 0 6
DEBUG:root:Order:5 0 6
DEBUG:root:Order:11 0 5
DEBUG:root:Order:14 0 5
DEBUG:root:Order:4 0 3
DEBUG:root:Order:8 0 2
DEBUG:root:Finish turn

DEBUG:root:Bad order:5 5.0 10
DEBUG:root:Bad order:11 4.0 9
DEBUG:root:Bad order:14 4.0 9
DEBUG:root:Order:4 0 7
DEBUG:root:Order:8 0 6
DEBUG:root:Finish turn

DEBUG:root:Bad order:5 10.0 19
DEBUG:root:Bad order:11 8.0 17
DEBUG:root:Bad order:14 8.0 17
DEBUG:root:Order:4 8 6
DEBUG:root:Finish turn

DEBUG:root:Bad order:5 15.0 25
DEBUG:root:Bad order:14 12.0 22
DEBUG:root:Order:4 8 3
DEBUG:root:Order:11 8 1
DEBUG:root:Finish turn

DEBUG:root:Bad order:5 20.0 35
DEBUG:root:Bad order:14 16.0 31
DEBUG:root:Order:11 8 9
DEBUG:root:Order:4 8 7
DEBUG:root:Finish turn

DEBUG:root:Bad order:5 25.0 45
DEBUG:root:Bad order:14 20.0 40
DEBUG:root:Order:4 8 7
DEBUG:root:Finish turn

DEBUG:root:Bad order:5 30.0 48
DEBUG:root:Bad order:14 24.0 42
DEBUG:root:Finish turn

DEBUG:root:Bad order:5 35.0 62
DEBUG:root:Bad order:14 28.0 55
DEBUG:root:Order:4 8 11
DEBUG:root:Finish turn

DEBUG:root:Bad order:5 40.0 49
DEBUG:root:Bad order:14 32.0 41
DEBUG:root:Finish turn

DEBUG:root:Bad order:5 45.0 66
DEBUG:root:Bad order:14 36.0 57
DEBUG:root:Finish turn

DEBUG:root:Bad order:5 50.0 83
DEBUG:root:Bad order:14 40.0 73
DEBUG:root:Finish turn

DEBUG:root:Bad order:5 55.0 89
DEBUG:root:Bad order:14 44.0 78
DEBUG:root:Finish turn

DEBUG:root:Bad order:5 60.0 96
DEBUG:root:Bad order:14 48.0 84
DEBUG:root:Finish turn

DEBUG:root:Bad order:5 65.0 97
DEBUG:root:Bad order:14 52.0 84
DEBUG:root:Bad order:18 2.0 34
DEBUG:root:Finish turn

DEBUG:root:Bad order:5 70.0 102
DEBUG:root:Bad order:14 56.0 88
DEBUG:root:Bad order:18 7.0 26
DEBUG:root:Finish turn

DEBUG:root:Bad order:5 75.0 119
DEBUG:root:Bad order:14 60.0 104
DEBUG:root:Finish turn

DEBUG:root:Order:5 21 76.0
DEBUG:root:Bad order:14 64.0 136
DEBUG:root:Bad order:5 4.0 76
DEBUG:root:Order:4 8 1
DEBUG:root:Finish turn

DEBUG:root:Bad order:14 68.0 158
DEBUG:root:Bad order:5 9.0 99
DEBUG:root:Finish turn

DEBUG:root:Bad order:14 72.0 185
DEBUG:root:Bad order:5 14.0 47
DEBUG:root:Finish turn

DEBUG:root:Bad order:14 76.0 186
DEBUG:root:Bad order:5 19.0 49
DEBUG:root:Finish turn

DEBUG:root:Order:14 22 76.0
DEBUG:root:Bad order:14 4.0 148
DEBUG:root:Bad order:5 24.0 88
DEBUG:root:Finish turn

DEBUG:root:Bad order:14 8.0 29
DEBUG:root:Finish turn

DEBUG:root:Order:14 5 12
DEBUG:root:Finish turn

DEBUG:root:Bad order:14 4.0 27
DEBUG:root:Finish turn

DEBUG:root:Order:5 14 13
DEBUG:root:Finish turn

DEBUG:root:Order:5 14 27
DEBUG:root:Finish turn

DEBUG:root:Finish turn

DEBUG:root:Finish turn

DEBUG:root:Finish turn

DEBUG:root:Finish turn

DEBUG:root:Finish turn

DEBUG:root:Finish turn

DEBUG:root:Finish turn

DEBUG:root:Finish turn

DEBUG:root:Finish turn

DEBUG:root:Finish turn

